<?xml version="1.0" encoding="UTF-8"?>
<testng-results ignored="0" total="2" passed="2" failed="0" skipped="0">
  <reporter-output>
  </reporter-output>
  <suite started-at="2021-01-26T14:52:29 EST" name="Default suite" finished-at="2021-01-26T14:52:37 EST" duration-ms="8101">
    <groups>
    </groups>
    <test started-at="2021-01-26T14:52:29 EST" name="Default test" finished-at="2021-01-26T14:52:37 EST" duration-ms="8101">
      <class name="properties.PropertiesconfigTestNgDemo">
        <test-method is-config="true" signature="setUpTest()[pri:0, instance:properties.PropertiesconfigTestNgDemo@5f16132a]" started-at="2021-01-26T14:52:29 EST" name="setUpTest" finished-at="2021-01-26T14:52:37 EST" duration-ms="7992" status="PASS">
          <reporter-output>
          </reporter-output>
        </test-method> <!-- setUpTest -->
        <test-method signature="googleTest1()[pri:0, instance:properties.PropertiesconfigTestNgDemo@5f16132a]" started-at="2021-01-26T14:52:37 EST" name="googleTest1" finished-at="2021-01-26T14:52:37 EST" duration-ms="12" status="PASS">
          <reporter-output>
          </reporter-output>
        </test-method> <!-- googleTest1 -->
        <test-method signature="googleTest2()[pri:1, instance:properties.PropertiesconfigTestNgDemo@5f16132a]" started-at="2021-01-26T14:52:37 EST" name="googleTest2" finished-at="2021-01-26T14:52:37 EST" duration-ms="3" status="PASS">
          <reporter-output>
          </reporter-output>
        </test-method> <!-- googleTest2 -->
        <test-method is-config="true" signature="after_Test1()[pri:0, instance:properties.PropertiesconfigTestNgDemo@5f16132a]" started-at="2021-01-26T14:52:37 EST" name="after_Test1" finished-at="2021-01-26T14:52:37 EST" duration-ms="35" status="PASS">
          <reporter-output>
          </reporter-output>
        </test-method> <!-- after_Test1 -->
      </class> <!-- properties.PropertiesconfigTestNgDemo -->
    </test> <!-- Default test -->
  </suite> <!-- Default suite -->
</testng-results>
